Build started 12/12/2018 12:40:17 PM.
     1>Project "C:\Users\Asdpoom\Desktop\นส. นริศรา จันทร์จิราวิจิตร, นาย ธนาธิป วลีฤกษ์ทรัพย์, นาย ฐาปะพนต์ แก้วสีเขียว\assignment_c++_2018\assignment_c++_2018\assignment_c++_2018.vcxproj" on node 2 (build target(s)).
     1>InitializeBuildStatus:
         Creating "Debug\assignment_c++_2018.unsuccessfulbuild" because "AlwaysCreate" was specified.
       ClCompile:
         C:\Program Files (x86)\Microsoft Visual Studio 10.0\VC\bin\CL.exe /c /ZI /nologo /W3 /WX- /Od /Oy- /D WIN32 /D _DEBUG /D _CONSOLE /D _UNICODE /D UNICODE /Gm /EHsc /RTC1 /MDd /GS /fp:precise /Zc:wchar_t /Zc:forScope /Fo"Debug\\" /Fd"Debug\vc100.pdb" /Gd /TP /analyze- /errorReport:prompt atm.cpp
         atm.cpp
     1>c:\users\asdpoom\desktop\นส. นริศรา จันทร์จิราวิจิตร, นาย ธนาธิป วลีฤกษ์ทรัพย์, นาย ฐาปะพนต์ แก้วสีเขียว\assignment_c++_2018\assignment_c++_2018\atm.cpp(487): warning C4101: 'choose' : unreferenced local variable
       ManifestResourceCompile:
         C:\Program Files (x86)\Microsoft SDKs\Windows\v7.0A\bin\rc.exe /nologo /fo"Debug\assignment_c++_2018.exe.embed.manifest.res" Debug\assignment_c++_2018_manifest.rc 
       Link:
         C:\Program Files (x86)\Microsoft Visual Studio 10.0\VC\bin\link.exe /ERRORREPORT:PROMPT /OUT:"C:\Users\Asdpoom\Desktop\นส. นริศรา จันทร์จิราวิจิตร, นาย ธนาธิป วลีฤกษ์ทรัพย์, นาย ฐาปะพนต์ แก้วสีเขียว\assignment_c++_2018\Debug\assignment_c++_2018.exe" /INCREMENTAL /NOLOGO kernel32.lib user32.lib gdi32.lib winspool.lib comdlg32.lib advapi32.lib shell32.lib ole32.lib oleaut32.lib uuid.lib odbc32.lib odbccp32.lib /MANIFEST /ManifestFile:"Debug\assignment_c++_2018.exe.intermediate.manifest" /MANIFESTUAC:"level='asInvoker' uiAccess='false'" /DEBUG /PDB:"C:\Users\Asdpoom\Desktop\นส. นริศรา จันทร์จิราวิจิตร, นาย ธนาธิป วลีฤกษ์ทรัพย์, นาย ฐาปะพนต์ แก้วสีเขียว\assignment_c++_2018\Debug\assignment_c++_2018.pdb" /SUBSYSTEM:CONSOLE /TLBID:1 /DYNAMICBASE /NXCOMPAT /IMPLIB:"C:\Users\Asdpoom\Desktop\นส. นริศรา จันทร์จิราวิจิตร, นาย ธนาธิป วลีฤกษ์ทรัพย์, นาย ฐาปะพนต์ แก้วสีเขียว\assignment_c++_2018\Debug\assignment_c++_2018.lib" /MACHINE:X86 Debug\assignment_c++_2018.exe.embed.manifest.res
         Debug\atm.obj
       Manifest:
         C:\Program Files (x86)\Microsoft SDKs\Windows\v7.0A\bin\mt.exe /nologo /verbose /out:"Debug\assignment_c++_2018.exe.embed.manifest" /manifest Debug\assignment_c++_2018.exe.intermediate.manifest
         All outputs are up-to-date.
       LinkEmbedManifest:
         All outputs are up-to-date.
         assignment_c++_2018.vcxproj -> C:\Users\Asdpoom\Desktop\นส. นริศรา จันทร์จิราวิจิตร, นาย ธนาธิป วลีฤกษ์ทรัพย์, นาย ฐาปะพนต์ แก้วสีเขียว\assignment_c++_2018\Debug\assignment_c++_2018.exe
       FinalizeBuildStatus:
         Deleting file "Debug\assignment_c++_2018.unsuccessfulbuild".
         Touching "Debug\assignment_c++_2018.lastbuildstate".
     1>Done Building Project "C:\Users\Asdpoom\Desktop\นส. นริศรา จันทร์จิราวิจิตร, นาย ธนาธิป วลีฤกษ์ทรัพย์, นาย ฐาปะพนต์ แก้วสีเขียว\assignment_c++_2018\assignment_c++_2018\assignment_c++_2018.vcxproj" (build target(s)).

Build succeeded.

Time Elapsed 00:00:01.13
